Latitude: 28.349852, Longitude: 77.324519041817
Latitude: 28.349832319371, Longitude: 77.32450881238
Latitude: 28.349832319371, Longitude: 77.32450881238
Latitude: 28.349832319371, Longitude: 77.32450881238
Latitude: 28.349851959862, Longitude: 77.324519120415
Latitude: 28.349832319371, Longitude: 77.32450881238
Latitude: 28.349851959862, Longitude: 77.324519120415
Latitude: 28.349852, Longitude: 77.324519041817
Latitude: 28.349852, Longitude: 77.324519
Latitude: 28.349852, Longitude: 77.324519
Latitude: 28.349851959862, Longitude: 77.324519120415
Latitude: 28.349851959862, Longitude: 77.324519120415
Latitude: 28.349851958183, Longitude: 77.324519125451
Latitude: 28.349831529422, Longitude: 77.324508403466
Latitude: 28.349831529422, Longitude: 77.324508403466
Latitude: 28.349852, Longitude: 77.324519
Latitude: 28.349852, Longitude: 77.324519
Latitude: 28.349852, Longitude: 77.324519
Latitude: 28.349851958183, Longitude: 77.324519125451
Latitude: 28.349831529422, Longitude: 77.324508403466
Latitude: 28.349685130794, Longitude: 77.324430975548
Latitude: 28.349713873362, Longitude: 77.324445365402
Latitude: 28.349713873362, Longitude: 77.324445365402
Latitude: 28.349713873362, Longitude: 77.324445365402
Latitude: 28.349714456453, Longitude: 77.324446328265
Latitude: 28.349714456453, Longitude: 77.324446328265
Latitude: 28.349805214069, Longitude: 77.324438378174
Latitude: 28.349797714399, Longitude: 77.324438168993
Latitude: 28.349722963611, Longitude: 77.324450932573
Latitude: 28.349722963611, Longitude: 77.324450932573
Latitude: 28.349713873362, Longitude: 77.324445365402
Latitude: 28.41956843656, Longitude: 77.296976111644
Latitude: 28.419575547239, Longitude: 77.296994383215
Latitude: 28.419569365715, Longitude: 77.296974805818
Latitude: 28.419564980588, Longitude: 77.296981568717
Latitude: 28.41956659987, Longitude: 77.296976129737
Latitude: 28.419551873746, Longitude: 77.296917246187
Latitude: 28.419551420736, Longitude: 77.296907322943
Latitude: 28.419569140447, Longitude: 77.296962883163
Latitude: 28.419569150349, Longitude: 77.296976905633
Latitude: 28.419569150349, Longitude: 77.296976905633
Latitude: 28.419570407408, Longitude: 77.296972746109
Latitude: 28.419565074399, Longitude: 77.296979907876
Latitude: 28.419569389457, Longitude: 77.296973355877
Latitude: 28.419578461393, Longitude: 77.296975528165
Latitude: 28.419568257694, Longitude: 77.2969739263
Latitude: 28.41956034019, Longitude: 77.296978051418
Latitude: 28.419564577649, Longitude: 77.296980222806
Latitude: 28.419566377951, Longitude: 77.296978856455
Latitude: 28.419551924752, Longitude: 77.296910898082
Latitude: 28.419526114014, Longitude: 77.296883555857
Latitude: 28.419522632037, Longitude: 77.296870215806
Latitude: 28.419524604085, Longitude: 77.296879752864
Latitude: 28.419530922612, Longitude: 77.296918785182
Latitude: 28.419566540857, Longitude: 77.296975661088

Latitude: 28.41956617869, Longitude: 77.296983025615
Latitude: 28.419549262866, Longitude: 77.29692044605
Latitude: 28.419551626487, Longitude: 77.296928999811
Latitude: 28.419567438363, Longitude: 77.296987482844
Latitude: 28.419577001901, Longitude: 77.296987312379
Latitude: 28.419577001901, Longitude: 77.296987312379
Latitude: 28.419568537938, Longitude: 77.296984985851
Latitude: 28.419567076243, Longitude: 77.296976591546
Latitude: 28.419567384646, Longitude: 77.296977975659
Latitude: 28.419566469702, Longitude: 77.296981846865
Latitude: 28.419569718641, Longitude: 77.296981349461
Latitude: 28.419570931378, Longitude: 77.296977828113
Latitude: 28.419566561775, Longitude: 77.296984428553
Latitude: 28.419571411371, Longitude: 77.296978223401
Latitude: 28.419567438363, Longitude: 77.296987482844
Latitude: 28.419568537938, Longitude: 77.296984985851
Latitude: 28.419570463978, Longitude: 77.296974680513
Latitude: 28.419568571742, Longitude: 77.29698347577
Latitude: 28.419566724384, Longitude: 77.296976522251
Latitude: 28.419569715223, Longitude: 77.296988521171
Latitude: 28.419568050707, Longitude: 77.296980670371
Latitude: 28.419568050707, Longitude: 77.296980670371
Latitude: 28.419568050707, Longitude: 77.296980670371
Latitude: 28.419563451224, Longitude: 77.29697962878
Latitude: 28.419563451224, Longitude: 77.29697962878
Latitude: 28.419570044392, Longitude: 77.296971500102
Latitude: 28.419570044392, Longitude: 77.296971500102
Latitude: 28.419579255773, Longitude: 77.296987554178
Latitude: 28.419564663959, Longitude: 77.296975683589
Latitude: 28.419567384534, Longitude: 77.296986526845
Latitude: 28.419570792099, Longitude: 77.296994137748
Latitude: 28.41957016544, Longitude: 77.296980043101
Latitude: 28.419567553196, Longitude: 77.296988930333
Latitude: 28.419566578323, Longitude: 77.296985830063
Latitude: 28.419571249327, Longitude: 77.296980385423
Latitude: 28.419571249327, Longitude: 77.296980385423
Latitude: 28.349416, Longitude: 77.365369
Latitude: 28.349466, Longitude: 77.365585
Latitude: 28.349466, Longitude: 77.365585
Latitude: 28.349434, Longitude: 77.365374
Latitude: 28.349542, Longitude: 77.365772
Latitude: 28.349504013225, Longitude: 77.36574343024
Latitude: 28.349436466147, Longitude: 77.365690359899
Latitude: 28.34954002009, Longitude: 77.365768472609
Latitude: 28.349540093765, Longitude: 77.365767532724
Latitude: 28.41957195277, Longitude: 77.296977390384
Latitude: 28.419566492607, Longitude: 77.296986133965
Latitude: 28.419567384534, Longitude: 77.296989182867
Latitude: 28.419567384534, Longitude: 77.296989182867
Latitude: 28.419567384534, Longitude: 77.296989182867
Latitude: 28.419568638799, Longitude: 77.296986977384
Latitude: 28.419568520604, Longitude: 77.296981217507
Latitude: 28.419581467339, Longitude: 77.29696987282
Latitude: 28.419582083383, Longitude: 77.2969748835
Latitude: 28.419582047626, Longitude: 77.296977741332
Latitude: 28.419579403562, Longitude: 77.296990597548
Latitude: 28.419572160403, Longitude: 77.296984268039
Latitude: 28.419567738341, Longitude: 77.296974758457
Latitude: 28.419582740337, Longitude: 77.296976123388
Latitude: 28.419573154415, Longitude: 77.296969961219
Latitude: 28.419573767959, Longitude: 77.296975875994
Latitude: 28.419583891181, Longitude: 77.296981780994
Latitude: 28.41957389455, Longitude: 77.296974904456
Latitude: 28.419584198955, Longitude: 77.296984609987
Latitude: 28.419573631521, Longitude: 77.296974808639
Latitude: 28.419584147052, Longitude: 77.296982908571
Latitude: 28.419583742743, Longitude: 77.296981680201
Latitude: 28.419583742743, Longitude: 77.296981680201
Latitude: 28.419572665443, Longitude: 77.29698279136
Latitude: 28.419522999892, Longitude: 77.297149025325
Latitude: 28.419534481498, Longitude: 77.29710981145
Latitude: 28.419540473715, Longitude: 77.297146134732
Latitude: 28.419540473715, Longitude: 77.297146134732
Latitude: 28.419544374028, Longitude: 77.297139867958
Latitude: 28.419544374028, Longitude: 77.297139867958
Latitude: 28.419544374028, Longitude: 77.297139867958
Latitude: 28.41955402428, Longitude: 77.297110029577
Latitude: 28.41955402428, Longitude: 77.297110029577
Latitude: 28.41955402428, Longitude: 77.297110029577
Latitude: 28.419544342705, Longitude: 77.297110028754
Latitude: 28.419544342705, Longitude: 77.297110028754
Latitude: 28.419544342705, Longitude: 77.297110028754
Latitude: 28.419554511046, Longitude: 77.297159386692
Latitude: 28.419544342705, Longitude: 77.297110028754
Latitude: 28.419530746426, Longitude: 77.297076141664
Latitude: 28.419522188548, Longitude: 77.297077033916
Latitude: 28.419530462235, Longitude: 77.297110691086
Latitude: 28.419544374028, Longitude: 77.297139867958
Latitude: 28.41953288462, Longitude: 77.297087671671
Latitude: 28.419535733729, Longitude: 77.297105441904
Latitude: 28.419544957102, Longitude: 77.29710085657
Latitude: 28.419535733729, Longitude: 77.297105441904
Latitude: 28.419544538507, Longitude: 77.297157973507
Latitude: 28.419545663393, Longitude: 77.297118512921
Latitude: 28.419553847038, Longitude: 77.297135158519
Latitude: 28.419553847038, Longitude: 77.297135158519
Latitude: 28.419536254084, Longitude: 77.297101091336
Latitude: 28.419535185208, Longitude: 77.297110027976
Latitude: 28.419527216177, Longitude: 77.297122659068
Latitude: 28.419527216177, Longitude: 77.297122659068
Latitude: 28.419546572701, Longitude: 77.297126708045
Latitude: 28.419544050609, Longitude: 77.297145539295
Latitude: 28.419535185208, Longitude: 77.297110027976
Latitude: 28.419523056686, Longitude: 77.297073412747
Latitude: 28.419523568446, Longitude: 77.29711859972
Latitude: 28.419535933135, Longitude: 77.297150966715
Latitude: 28.419530462235, Longitude: 77.297110691086
Latitude: 28.419522787089, Longitude: 77.297106187996
Latitude: 28.419535984487, Longitude: 77.297133866585
Latitude: 28.419544680401, Longitude: 77.297134495529
Latitude: 28.419544374028, Longitude: 77.297139867958
Latitude: 28.419544374028, Longitude: 77.297139867958
Latitude: 28.419531773644, Longitude: 77.297101720395
Latitude: 28.419531773644, Longitude: 77.297101720395
Latitude: 28.419530462235, Longitude: 77.297110691086
Latitude: 28.419544050609, Longitude: 77.297145539295
Latitude: 28.419530462235, Longitude: 77.297110691086
Latitude: 28.41953055855, Longitude: 77.297121809964
Latitude: 28.419544050609, Longitude: 77.297145539295
Latitude: 28.419552890877, Longitude: 77.297152523067
Latitude: 28.41953822404, Longitude: 77.29711051476
Latitude: 28.41953822404, Longitude: 77.29711051476
Latitude: 28.419530462235, Longitude: 77.297110691086
Latitude: 28.419521859141, Longitude: 77.297128223636
Latitude: 28.419534846886, Longitude: 77.297162603183
Latitude: 28.419544050609, Longitude: 77.297145539295
Latitude: 28.419530462235, Longitude: 77.297110691086
Latitude: 28.419553723826, Longitude: 77.297146556242
Latitude: 28.419530462235, Longitude: 77.297110691086
Latitude: 28.419565989347, Longitude: 77.296946406982
Latitude: 28.419568764383, Longitude: 77.296934656163
Latitude: 28.419568764383, Longitude: 77.296934656163
Latitude: 28.419568764383, Longitude: 77.296934656163
Latitude: 28.419580460637, Longitude: 77.296994432545
Latitude: 28.419580460637, Longitude: 77.296994432545
Latitude: 28.41958084233, Longitude: 77.296986152531
